<?xml version="1.0" encoding="UTF-8"?>
<testsuite name="BaralhoTest" tests="7" skipped="0" failures="0" errors="0" timestamp="2026-07-13T03:10:12" hostname="not" time="0.08">
  <properties/>
  <testcase name="reciclaPilhaDescarteQuandoCompraEsgota()" classname="BaralhoTest" time="0.053"/>
  <testcase name="descartarCartaMoveParaDescarte()" classname="BaralhoTest" time="0.003"/>
  <testcase name="comprarCartasMoveParaMao()" classname="BaralhoTest" time="0.003"/>
  <testcase name="reiniciarParaNovaBatalhaDevolveTodas()" classname="BaralhoTest" time="0.002"/>
  <testcase name="descartarMaoLimpaTodasAsCartas()" classname="BaralhoTest" time="0.003"/>
  <testcase name="comprarMaisCartasQueDisponivel()" classname="BaralhoTest" time="0.003"/>
  <testcase name="maoVaziaNoInicio()" classname="BaralhoTest" time="0.001"/>
  <system-out><![CDATA[Pilha de compra esgotada! Embaralhando pilha de descarte...
Não há mais cartas disponíveis no baralho!
]]></system-out>
  <system-err><![CDATA[]]></system-err>
</testsuite>
